<?xml version="1.0" encoding="UTF-8"?>
<!-- Generated by org.testng.reporters.JUnitReportReporter -->
<testsuite hostname="MSAT-THINK" failures="0" tests="1" name="com.demoaut.newtours.TestScripts.VerifyInvalidCrdentialsTest" time="13.988" errors="0" timestamp="2019-08-31T11:12:59 EDT" skipped="0">
  <testcase classname="com.demoaut.newtours.TestScripts.VerifyInvalidCrdentialsTest" name="verifyInvalidLoginTest" time="13.988"/>
</testsuite> <!-- com.demoaut.newtours.TestScripts.VerifyInvalidCrdentialsTest -->
